<?xml version="1.0" encoding="UTF-8"?>
<testng-results skipped="0" failed="1" ignored="0" total="2" passed="1">
  <reporter-output>
  </reporter-output>
  <suite name="Default suite" duration-ms="58050" started-at="2019-12-18T02:58:31Z" finished-at="2019-12-18T02:59:29Z">
    <groups>
    </groups>
    <test name="Default test" duration-ms="58050" started-at="2019-12-18T02:58:31Z" finished-at="2019-12-18T02:59:29Z">
      <class name="com.repositery.TestExecution">
        <test-method status="PASS" signature="Generate_ER()[pri:0, instance:com.repositery.TestExecution@39c0f4a]" name="Generate_ER" is-config="true" duration-ms="282" started-at="2019-12-18T02:58:31Z" finished-at="2019-12-18T02:58:31Z">
          <reporter-output>
          </reporter-output>
        </test-method> <!-- Generate_ER -->
        <test-method status="PASS" signature="Send_method_to_report(java.lang.reflect.Method)[pri:0, instance:com.repositery.TestExecution@39c0f4a]" name="Send_method_to_report" is-config="true" duration-ms="6" started-at="2019-12-18T02:58:31Z" finished-at="2019-12-18T02:58:31Z">
          <params>
            <param index="0">
              <value>
                <![CDATA[public void com.repositery.TestExecution.verify_Launch()]]>
              </value>
            </param>
          </params>
          <reporter-output>
          </reporter-output>
        </test-method> <!-- Send_method_to_report -->
        <test-method status="PASS" signature="verify_Launch()[pri:1, instance:com.repositery.TestExecution@39c0f4a]" name="verify_Launch" duration-ms="48324" started-at="2019-12-18T02:58:31Z" finished-at="2019-12-18T02:59:20Z">
          <reporter-output>
          </reporter-output>
        </test-method> <!-- verify_Launch -->
        <test-method status="PASS" signature="tearDown(org.testng.ITestResult)[pri:0, instance:com.repositery.TestExecution@39c0f4a]" name="tearDown" is-config="true" duration-ms="3027" started-at="2019-12-18T02:59:20Z" finished-at="2019-12-18T02:59:23Z">
          <params>
            <param index="0">
              <value>
                <![CDATA[[TestResult name=verify_Launch status=SUCCESS method=TestExecution.verify_Launch()[pri:1, instance:com.repositery.TestExecution@39c0f4a] output={null}]]]>
              </value>
            </param>
          </params>
          <reporter-output>
          </reporter-output>
        </test-method> <!-- tearDown -->
        <test-method status="PASS" signature="Send_method_to_report(java.lang.reflect.Method)[pri:0, instance:com.repositery.TestExecution@39c0f4a]" name="Send_method_to_report" is-config="true" duration-ms="0" started-at="2019-12-18T02:59:23Z" finished-at="2019-12-18T02:59:23Z">
          <params>
            <param index="0">
              <value>
                <![CDATA[public void com.repositery.TestExecution.verify_Login()]]>
              </value>
            </param>
          </params>
          <reporter-output>
          </reporter-output>
        </test-method> <!-- Send_method_to_report -->
        <test-method status="FAIL" signature="verify_Login()[pri:2, instance:com.repositery.TestExecution@39c0f4a]" name="verify_Login" duration-ms="4591" started-at="2019-12-18T02:59:23Z" finished-at="2019-12-18T02:59:27Z">
          <exception class="org.openqa.selenium.NoSuchElementException">
            <message>
              <![CDATA[no such element: Unable to locate element: {"method":"css selector","selector":"#txtuId"}
  (Session info: chrome=79.0.3945.79)
For documentation on this error, please visit: http://seleniumhq.org/exceptions/no_such_element.html
Build info: version: '3.8.1', revision: '6e95a6684b', time: '2017-12-01T18:33:54.468Z'
System info: host: 'DESKTOP-B2PSH7U', ip: '192.168.0.181', os.name: 'Windows 10', os.arch: 'amd64', os.version: '10.0', java.version: '1.8.0_231'
Driver info: org.openqa.selenium.chrome.ChromeDriver
Capabilities {acceptInsecureCerts: false, browserName: chrome, browserVersion: 79.0.3945.79, chrome: {chromedriverVersion: 79.0.3945.36 (3582db32b3389..., userDataDir: C:\Users\ADMIN\AppData\Loca...}, goog:chromeOptions: {debuggerAddress: localhost:52831}, javascriptEnabled: true, networkConnectionEnabled: false, pageLoadStrategy: normal, platform: WINDOWS, platformName: WINDOWS, proxy: Proxy(), setWindowRect: true, strictFileInteractability: false, timeouts: {implicit: 0, pageLoad: 300000, script: 30000}, unhandledPromptBehavior: dismiss and notify}
Session ID: 027aef47bb2b209e6850233f92593ba7
*** Element info: {Using=id, value=txtuId}]]>
            </message>
            <full-stacktrace>
              <![CDATA[org.openqa.selenium.NoSuchElementException: no such element: Unable to locate element: {"method":"css selector","selector":"#txtuId"}
  (Session info: chrome=79.0.3945.79)
For documentation on this error, please visit: http://seleniumhq.org/exceptions/no_such_element.html
Build info: version: '3.8.1', revision: '6e95a6684b', time: '2017-12-01T18:33:54.468Z'
System info: host: 'DESKTOP-B2PSH7U', ip: '192.168.0.181', os.name: 'Windows 10', os.arch: 'amd64', os.version: '10.0', java.version: '1.8.0_231'
Driver info: org.openqa.selenium.chrome.ChromeDriver
Capabilities {acceptInsecureCerts: false, browserName: chrome, browserVersion: 79.0.3945.79, chrome: {chromedriverVersion: 79.0.3945.36 (3582db32b3389..., userDataDir: C:\Users\ADMIN\AppData\Loca...}, goog:chromeOptions: {debuggerAddress: localhost:52831}, javascriptEnabled: true, networkConnectionEnabled: false, pageLoadStrategy: normal, platform: WINDOWS, platformName: WINDOWS, proxy: Proxy(), setWindowRect: true, strictFileInteractability: false, timeouts: {implicit: 0, pageLoad: 300000, script: 30000}, unhandledPromptBehavior: dismiss and notify}
Session ID: 027aef47bb2b209e6850233f92593ba7
*** Element info: {Using=id, value=txtuId}
at sun.reflect.NativeConstructorAccessorImpl.newInstance0(Native Method)
at sun.reflect.NativeConstructorAccessorImpl.newInstance(NativeConstructorAccessorImpl.java:62)
at sun.reflect.DelegatingConstructorAccessorImpl.newInstance(DelegatingConstructorAccessorImpl.java:45)
at java.lang.reflect.Constructor.newInstance(Constructor.java:423)
at org.openqa.selenium.remote.http.W3CHttpResponseCodec.createException(W3CHttpResponseCodec.java:187)
at org.openqa.selenium.remote.http.W3CHttpResponseCodec.decode(W3CHttpResponseCodec.java:122)
at org.openqa.selenium.remote.http.W3CHttpResponseCodec.decode(W3CHttpResponseCodec.java:49)
at org.openqa.selenium.remote.HttpCommandExecutor.execute(HttpCommandExecutor.java:164)
at org.openqa.selenium.remote.service.DriverCommandExecutor.execute(DriverCommandExecutor.java:83)
at org.openqa.selenium.remote.RemoteWebDriver.execute(RemoteWebDriver.java:601)
at org.openqa.selenium.remote.RemoteWebDriver.findElement(RemoteWebDriver.java:371)
at org.openqa.selenium.remote.RemoteWebDriver.findElementById(RemoteWebDriver.java:417)
at org.openqa.selenium.By$ById.findElement(By.java:218)
at org.openqa.selenium.remote.RemoteWebDriver.findElement(RemoteWebDriver.java:363)
at com.pagelibrary.LoginPage.uesrName_txtbox(LoginPage.java:10)
at com.repositery.Repository.Login_Tc(Repository.java:116)
at com.repositery.TestExecution.verify_Login(TestExecution.java:25)
at sun.reflect.NativeMethodAccessorImpl.invoke0(Native Method)
at sun.reflect.NativeMethodAccessorImpl.invoke(NativeMethodAccessorImpl.java:62)
at sun.reflect.DelegatingMethodAccessorImpl.invoke(DelegatingMethodAccessorImpl.java:43)
at java.lang.reflect.Method.invoke(Method.java:498)
at org.testng.internal.MethodInvocationHelper.invokeMethod(MethodInvocationHelper.java:124)
at org.testng.internal.Invoker.invokeMethod(Invoker.java:583)
at org.testng.internal.Invoker.invokeTestMethod(Invoker.java:719)
at org.testng.internal.Invoker.invokeTestMethods(Invoker.java:989)
at org.testng.internal.TestMethodWorker.invokeTestMethods(TestMethodWorker.java:125)
at org.testng.internal.TestMethodWorker.run(TestMethodWorker.java:109)
at org.testng.TestRunner.privateRun(TestRunner.java:648)
at org.testng.TestRunner.run(TestRunner.java:505)
at org.testng.SuiteRunner.runTest(SuiteRunner.java:455)
at org.testng.SuiteRunner.runSequentially(SuiteRunner.java:450)
at org.testng.SuiteRunner.privateRun(SuiteRunner.java:415)
at org.testng.SuiteRunner.run(SuiteRunner.java:364)
at org.testng.SuiteRunnerWorker.runSuite(SuiteRunnerWorker.java:52)
at org.testng.SuiteRunnerWorker.run(SuiteRunnerWorker.java:84)
at org.testng.TestNG.runSuitesSequentially(TestNG.java:1208)
at org.testng.TestNG.runSuitesLocally(TestNG.java:1137)
at org.testng.TestNG.runSuites(TestNG.java:1049)
at org.testng.TestNG.run(TestNG.java:1017)
at org.testng.remote.AbstractRemoteTestNG.run(AbstractRemoteTestNG.java:114)
at org.testng.remote.RemoteTestNG.initAndRun(RemoteTestNG.java:251)
at org.testng.remote.RemoteTestNG.main(RemoteTestNG.java:77)
]]>
            </full-stacktrace>
          </exception> <!-- org.openqa.selenium.NoSuchElementException -->
          <reporter-output>
          </reporter-output>
        </test-method> <!-- verify_Login -->
        <test-method status="PASS" signature="tearDown(org.testng.ITestResult)[pri:0, instance:com.repositery.TestExecution@39c0f4a]" name="tearDown" is-config="true" duration-ms="1665" started-at="2019-12-18T02:59:27Z" finished-at="2019-12-18T02:59:29Z">
          <params>
            <param index="0">
              <value>
                <![CDATA[[TestResult name=verify_Login status=FAILURE method=TestExecution.verify_Login()[pri:2, instance:com.repositery.TestExecution@39c0f4a] output={null}]]]>
              </value>
            </param>
          </params>
          <reporter-output>
          </reporter-output>
        </test-method> <!-- tearDown -->
      </class> <!-- com.repositery.TestExecution -->
    </test> <!-- Default test -->
  </suite> <!-- Default suite -->
</testng-results>
